# JRE version: OpenJDK Runtime Environment (8.0_212-b04) (build 1.8.0_212-release-1586-b04)
# Java VM: OpenJDK 64-Bit Server VM (25.212-b04 mixed mode windows-amd64 compressed oops)
Heap:
 PSYoungGen      total 417280K, used 125125K [0x00000000e0000000, 0x00000000fd480000, 0x0000000100000000)
  eden space 371200K, 23% used [0x00000000e0000000,0x00000000e552d298,0x00000000f6a80000)
  from space 46080K, 82% used [0x00000000fa780000,0x00000000fcc84418,0x00000000fd480000)
  to   space 54272K, 0% used [0x00000000f6a80000,0x00000000f6a80000,0x00000000f9f80000)
 ParOldGen       total 219136K, used 149698K [0x00000000a0000000, 0x00000000ad600000, 0x00000000e0000000)
  object space 219136K, 68% used [0x00000000a0000000,0x00000000a92309e8,0x00000000ad600000)
 Metaspace       used 70081K, capacity 72142K, committed 73304K, reserved 1112064K
  class space    used 8990K, capacity 9500K, committed 9816K, reserved 1048576K
GC Heap History (10 events):
Event: 3655.467 GC heap before
{Heap before GC invocations=19 (full 4):
 PSYoungGen      total 308736K, used 37288K [0x00000000e0000000, 0x00000000f9800000, 0x0000000100000000)
  eden space 270848K, 0% used [0x00000000e0000000,0x00000000e0000000,0x00000000f0880000)
  from space 37888K, 98% used [0x00000000f0880000,0x00000000f2cea0d0,0x00000000f2d80000)
  to   space 43520K, 0% used [0x00000000f6d80000,0x00000000f6d80000,0x00000000f9800000)
 ParOldGen       total 219136K, used 205922K [0x00000000a0000000, 0x00000000ad600000, 0x00000000e0000000)
  object space 219136K, 93% used [0x00000000a0000000,0x00000000ac918870,0x00000000ad600000)
 Metaspace       used 70214K, capacity 72784K, committed 73048K, reserved 1112064K
  class space    used 9093K, capacity 9690K, committed 9816K, reserved 1048576K
Event: 3655.851 GC heap after
Heap after GC invocations=19 (full 4):
 PSYoungGen      total 308736K, used 0K [0x00000000e0000000, 0x00000000f9800000, 0x0000000100000000)
  eden space 270848K, 0% used [0x00000000e0000000,0x00000000e0000000,0x00000000f0880000)
  from space 37888K, 0% used [0x00000000f0880000,0x00000000f0880000,0x00000000f2d80000)
  to   space 43520K, 0% used [0x00000000f6d80000,0x00000000f6d80000,0x00000000f9800000)
 ParOldGen       total 219136K, used 110880K [0x00000000a0000000, 0x00000000ad600000, 0x00000000e0000000)
  object space 219136K, 50% used [0x00000000a0000000,0x00000000a6c48330,0x00000000ad600000)
 Metaspace       used 69682K, capacity 71796K, committed 73048K, reserved 1112064K
  class space    used 8978K, capacity 9485K, committed 9816K, reserved 1048576K
}
Event: 3657.183 GC heap before
{Heap before GC invocations=20 (full 4):
 PSYoungGen      total 308736K, used 270848K [0x00000000e0000000, 0x00000000f9800000, 0x0000000100000000)
  eden space 270848K, 100% used [0x00000000e0000000,0x00000000f0880000,0x00000000f0880000)
  from space 37888K, 0% used [0x00000000f0880000,0x00000000f0880000,0x00000000f2d80000)
  to   space 43520K, 0% used [0x00000000f6d80000,0x00000000f6d80000,0x00000000f9800000)
 ParOldGen       total 219136K, used 110892K [0x00000000a0000000, 0x00000000ad600000, 0x00000000e0000000)
  object space 219136K, 50% used [0x00000000a0000000,0x00000000a6c4b3b8,0x00000000ad600000)
 Metaspace       used 69797K, capacity 71860K, committed 73048K, reserved 1112064K
  class space    used 8980K, capacity 9485K, committed 9816K, reserved 1048576K
Event: 3657.213 GC heap after
Heap after GC invocations=20 (full 4):
 PSYoungGen      total 369152K, used 40864K [0x00000000e0000000, 0x00000000fad00000, 0x0000000100000000)
  eden space 325632K, 0% used [0x00000000e0000000,0x00000000e0000000,0x00000000f3e00000)
  from space 43520K, 93% used [0x00000000f6d80000,0x00000000f9568280,0x00000000f9800000)
  to   space 48640K, 0% used [0x00000000f3e00000,0x00000000f3e00000,0x00000000f6d80000)
 ParOldGen       total 219136K, used 130065K [0x00000000a0000000, 0x00000000ad600000, 0x00000000e0000000)
  object space 219136K, 59% used [0x00000000a0000000,0x00000000a7f04790,0x00000000ad600000)
 Metaspace       used 69797K, capacity 71860K, committed 73048K, reserved 1112064K
  class space    used 8980K, capacity 9485K, committed 9816K, reserved 1048576K
}
Event: 3659.118 GC heap before
{Heap before GC invocations=21 (full 4):
 PSYoungGen      total 369152K, used 366496K [0x00000000e0000000, 0x00000000fad00000, 0x0000000100000000)
  eden space 325632K, 100% used [0x00000000e0000000,0x00000000f3e00000,0x00000000f3e00000)
  from space 43520K, 93% used [0x00000000f6d80000,0x00000000f9568280,0x00000000f9800000)
  to   space 48640K, 0% used [0x00000000f3e00000,0x00000000f3e00000,0x00000000f6d80000)
 ParOldGen       total 219136K, used 130079K [0x00000000a0000000, 0x00000000ad600000, 0x00000000e0000000)
  object space 219136K, 59% used [0x00000000a0000000,0x00000000a7f07cd0,0x00000000ad600000)
 Metaspace       used 69910K, capacity 71988K, committed 73304K, reserved 1112064K
  class space    used 8980K, capacity 9485K, committed 9816K, reserved 1048576K
Event: 3659.147 GC heap after
Heap after GC invocations=21 (full 4):
 PSYoungGen      total 374272K, used 37201K [0x00000000e0000000, 0x00000000fda00000, 0x0000000100000000)
  eden space 325632K, 0% used [0x00000000e0000000,0x00000000e0000000,0x00000000f3e00000)
  from space 48640K, 76% used [0x00000000f3e00000,0x00000000f6254458,0x00000000f6d80000)
  to   space 51712K, 0% used [0x00000000fa780000,0x00000000fa780000,0x00000000fda00000)
 ParOldGen       total 219136K, used 179239K [0x00000000a0000000, 0x00000000ad600000, 0x00000000e0000000)
  object space 219136K, 81% used [0x00000000a0000000,0x00000000aaf09d00,0x00000000ad600000)
 Metaspace       used 69910K, capacity 71988K, committed 73304K, reserved 1112064K
  class space    used 8980K, capacity 9485K, committed 9816K, reserved 1048576K
}
Event: 3659.147 GC heap before
{Heap before GC invocations=22 (full 5):
 PSYoungGen      total 374272K, used 37201K [0x00000000e0000000, 0x00000000fda00000, 0x0000000100000000)
  eden space 325632K, 0% used [0x00000000e0000000,0x00000000e0000000,0x00000000f3e00000)
  from space 48640K, 76% used [0x00000000f3e00000,0x00000000f6254458,0x00000000f6d80000)
  to   space 51712K, 0% used [0x00000000fa780000,0x00000000fa780000,0x00000000fda00000)
 ParOldGen       total 219136K, used 179239K [0x00000000a0000000, 0x00000000ad600000, 0x00000000e0000000)
  object space 219136K, 81% used [0x00000000a0000000,0x00000000aaf09d00,0x00000000ad600000)
 Metaspace       used 69910K, capacity 71988K, committed 73304K, reserved 1112064K
  class space    used 8980K, capacity 9485K, committed 9816K, reserved 1048576K
Event: 3659.313 GC heap after
Heap after GC invocations=22 (full 5):
 PSYoungGen      total 374272K, used 0K [0x00000000e0000000, 0x00000000fda00000, 0x0000000100000000)
  eden space 325632K, 0% used [0x00000000e0000000,0x00000000e0000000,0x00000000f3e00000)
  from space 48640K, 0% used [0x00000000f3e00000,0x00000000f3e00000,0x00000000f6d80000)
  to   space 51712K, 0% used [0x00000000fa780000,0x00000000fa780000,0x00000000fda00000)
 ParOldGen       total 219136K, used 100464K [0x00000000a0000000, 0x00000000ad600000, 0x00000000e0000000)
  object space 219136K, 45% used [0x00000000a0000000,0x00000000a621c0e8,0x00000000ad600000)
 Metaspace       used 69910K, capacity 71988K, committed 73304K, reserved 1112064K
  class space    used 8980K, capacity 9485K, committed 9816K, reserved 1048576K
}
Event: 3661.098 GC heap before
{Heap before GC invocations=23 (full 5):
 PSYoungGen      total 374272K, used 325632K [0x00000000e0000000, 0x00000000fda00000, 0x0000000100000000)
  eden space 325632K, 100% used [0x00000000e0000000,0x00000000f3e00000,0x00000000f3e00000)
  from space 48640K, 0% used [0x00000000f3e00000,0x00000000f3e00000,0x00000000f6d80000)
  to   space 51712K, 0% used [0x00000000fa780000,0x00000000fa780000,0x00000000fda00000)
 ParOldGen       total 219136K, used 100538K [0x00000000a0000000, 0x00000000ad600000, 0x00000000e0000000)
  object space 219136K, 45% used [0x00000000a0000000,0x00000000a622e9b8,0x00000000ad600000)
 Metaspace       used 69990K, capacity 72052K, committed 73304K, reserved 1112064K
  class space    used 8980K, capacity 9485K, committed 9816K, reserved 1048576K
Event: 3661.120 GC heap after
Heap after GC invocations=23 (full 5):
 PSYoungGen      total 417280K, used 37905K [0x00000000e0000000, 0x00000000fd480000, 0x0000000100000000)
  eden space 371200K, 0% used [0x00000000e0000000,0x00000000e0000000,0x00000000f6a80000)
  from space 46080K, 82% used [0x00000000fa780000,0x00000000fcc84418,0x00000000fd480000)
  to   space 54272K, 0% used [0x00000000f6a80000,0x00000000f6a80000,0x00000000f9f80000)
 ParOldGen       total 219136K, used 149698K [0x00000000a0000000, 0x00000000ad600000, 0x00000000e0000000)
  object space 219136K, 68% used [0x00000000a0000000,0x00000000a92309e8,0x00000000ad600000)
 Metaspace       used 69990K, capacity 72052K, committed 73304K, reserved 1112064K
  class space    used 8980K, capacity 9485K, committed 9816K, reserved 1048576K
}

