# JRE version: OpenJDK Runtime Environment (8.0_212-b04) (build 1.8.0_212-release-1586-b04)
# Java VM: OpenJDK 64-Bit Server VM (25.212-b04 mixed mode windows-amd64 compressed oops)
Heap:
 PSYoungGen      total 357888K, used 336778K [0x00000000e0000000, 0x00000000f9d80000, 0x0000000100000000)
  eden space 313344K, 93% used [0x00000000e0000000,0x00000000f1d6c928,0x00000000f3200000)
  from space 44544K, 99% used [0x00000000f6480000,0x00000000f8ff60d0,0x00000000f9000000)
  to   space 51712K, 0% used [0x00000000f3200000,0x00000000f3200000,0x00000000f6480000)
 ParOldGen       total 219648K, used 136621K [0x00000000a0000000, 0x00000000ad680000, 0x00000000e0000000)
  object space 219648K, 62% used [0x00000000a0000000,0x00000000a856b538,0x00000000ad680000)
 Metaspace       used 65091K, capacity 67296K, committed 67672K, reserved 1107968K
  class space    used 8664K, capacity 9200K, committed 9304K, reserved 1048576K
GC Heap History (10 events):
Event: 24.812 GC heap before
{Heap before GC invocations=16 (full 3):
 PSYoungGen      total 238080K, used 238052K [0x00000000e0000000, 0x00000000f2a00000, 0x0000000100000000)
  eden space 217600K, 100% used [0x00000000e0000000,0x00000000ed480000,0x00000000ed480000)
  from space 20480K, 99% used [0x00000000ef780000,0x00000000f0b792c8,0x00000000f0b80000)
  to   space 35840K, 0% used [0x00000000ed480000,0x00000000ed480000,0x00000000ef780000)
 ParOldGen       total 219648K, used 69528K [0x00000000a0000000, 0x00000000ad680000, 0x00000000e0000000)
  object space 219648K, 31% used [0x00000000a0000000,0x00000000a43e6288,0x00000000ad680000)
 Metaspace       used 64153K, capacity 66474K, committed 66520K, reserved 1105920K
  class space    used 8627K, capacity 9163K, committed 9176K, reserved 1048576K
Event: 24.879 GC heap after
Heap after GC invocations=16 (full 3):
 PSYoungGen      total 253440K, used 32600K [0x00000000e0000000, 0x00000000f5680000, 0x0000000100000000)
  eden space 217600K, 0% used [0x00000000e0000000,0x00000000e0000000,0x00000000ed480000)
  from space 35840K, 90% used [0x00000000ed480000,0x00000000ef4561b0,0x00000000ef780000)
  to   space 39936K, 0% used [0x00000000f2f80000,0x00000000f2f80000,0x00000000f5680000)
 ParOldGen       total 219648K, used 156775K [0x00000000a0000000, 0x00000000ad680000, 0x00000000e0000000)
  object space 219648K, 71% used [0x00000000a0000000,0x00000000a9919c40,0x00000000ad680000)
 Metaspace       used 64153K, capacity 66474K, committed 66520K, reserved 1105920K
  class space    used 8627K, capacity 9163K, committed 9176K, reserved 1048576K
}
Event: 26.690 GC heap before
{Heap before GC invocations=17 (full 4):
 PSYoungGen      total 253440K, used 249700K [0x00000000e0000000, 0x00000000f5680000, 0x0000000100000000)
  eden space 217600K, 99% used [0x00000000e0000000,0x00000000ed402ff8,0x00000000ed480000)
  from space 35840K, 90% used [0x00000000ed480000,0x00000000ef4561b0,0x00000000ef780000)
  to   space 39936K, 0% used [0x00000000f2f80000,0x00000000f2f80000,0x00000000f5680000)
 ParOldGen       total 219648K, used 173159K [0x00000000a0000000, 0x00000000ad680000, 0x00000000e0000000)
  object space 219648K, 78% used [0x00000000a0000000,0x00000000aa919c50,0x00000000ad680000)
 Metaspace       used 64452K, capacity 66794K, committed 67032K, reserved 1107968K
  class space    used 8639K, capacity 9163K, committed 9176K, reserved 1048576K
Event: 26.945 GC heap after
Heap after GC invocations=17 (full 4):
 PSYoungGen      total 253440K, used 0K [0x00000000e0000000, 0x00000000f5680000, 0x0000000100000000)
  eden space 217600K, 0% used [0x00000000e0000000,0x00000000e0000000,0x00000000ed480000)
  from space 35840K, 0% used [0x00000000ed480000,0x00000000ed480000,0x00000000ef780000)
  to   space 39936K, 0% used [0x00000000f2f80000,0x00000000f2f80000,0x00000000f5680000)
 ParOldGen       total 219648K, used 97535K [0x00000000a0000000, 0x00000000ad680000, 0x00000000e0000000)
  object space 219648K, 44% used [0x00000000a0000000,0x00000000a5f3fc70,0x00000000ad680000)
 Metaspace       used 64370K, capacity 66566K, committed 67032K, reserved 1107968K
  class space    used 8616K, capacity 9121K, committed 9176K, reserved 1048576K
}
Event: 28.040 GC heap before
{Heap before GC invocations=18 (full 4):
 PSYoungGen      total 253440K, used 217600K [0x00000000e0000000, 0x00000000f5680000, 0x0000000100000000)
  eden space 217600K, 100% used [0x00000000e0000000,0x00000000ed480000,0x00000000ed480000)
  from space 35840K, 0% used [0x00000000ed480000,0x00000000ed480000,0x00000000ef780000)
  to   space 39936K, 0% used [0x00000000f2f80000,0x00000000f2f80000,0x00000000f5680000)
 ParOldGen       total 219648K, used 101693K [0x00000000a0000000, 0x00000000ad680000, 0x00000000e0000000)
  object space 219648K, 46% used [0x00000000a0000000,0x00000000a634f568,0x00000000ad680000)
 Metaspace       used 64536K, capacity 66758K, committed 67032K, reserved 1107968K
  class space    used 8616K, capacity 9121K, committed 9176K, reserved 1048576K
Event: 28.060 GC heap after
Heap after GC invocations=18 (full 4):
 PSYoungGen      total 305152K, used 38006K [0x00000000e0000000, 0x00000000f5e00000, 0x0000000100000000)
  eden space 265216K, 0% used [0x00000000e0000000,0x00000000e0000000,0x00000000f0300000)
  from space 39936K, 95% used [0x00000000f2f80000,0x00000000f549d9d0,0x00000000f5680000)
  to   space 45568K, 0% used [0x00000000f0300000,0x00000000f0300000,0x00000000f2f80000)
 ParOldGen       total 219648K, used 101701K [0x00000000a0000000, 0x00000000ad680000, 0x00000000e0000000)
  object space 219648K, 46% used [0x00000000a0000000,0x00000000a6351568,0x00000000ad680000)
 Metaspace       used 64536K, capacity 66758K, committed 67032K, reserved 1107968K
  class space    used 8616K, capacity 9121K, committed 9176K, reserved 1048576K
}
Event: 29.498 GC heap before
{Heap before GC invocations=19 (full 4):
 PSYoungGen      total 305152K, used 303222K [0x00000000e0000000, 0x00000000f5e00000, 0x0000000100000000)
  eden space 265216K, 100% used [0x00000000e0000000,0x00000000f0300000,0x00000000f0300000)
  from space 39936K, 95% used [0x00000000f2f80000,0x00000000f549d9d0,0x00000000f5680000)
  to   space 45568K, 0% used [0x00000000f0300000,0x00000000f0300000,0x00000000f2f80000)
 ParOldGen       total 219648K, used 110941K [0x00000000a0000000, 0x00000000ad680000, 0x00000000e0000000)
  object space 219648K, 50% used [0x00000000a0000000,0x00000000a6c57778,0x00000000ad680000)
 Metaspace       used 64591K, capacity 66854K, committed 67416K, reserved 1107968K
  class space    used 8618K, capacity 9153K, committed 9304K, reserved 1048576K
Event: 29.511 GC heap after
Heap after GC invocations=19 (full 4):
 PSYoungGen      total 310784K, used 9065K [0x00000000e0000000, 0x00000000f9000000, 0x0000000100000000)
  eden space 265216K, 0% used [0x00000000e0000000,0x00000000e0000000,0x00000000f0300000)
  from space 45568K, 19% used [0x00000000f0300000,0x00000000f0bda488,0x00000000f2f80000)
  to   space 44544K, 0% used [0x00000000f6480000,0x00000000f6480000,0x00000000f9000000)
 ParOldGen       total 219648K, used 110949K [0x00000000a0000000, 0x00000000ad680000, 0x00000000e0000000)
  object space 219648K, 50% used [0x00000000a0000000,0x00000000a6c59778,0x00000000ad680000)
 Metaspace       used 64591K, capacity 66854K, committed 67416K, reserved 1107968K
  class space    used 8618K, capacity 9153K, committed 9304K, reserved 1048576K
}
Event: 31.493 GC heap before
{Heap before GC invocations=20 (full 4):
 PSYoungGen      total 310784K, used 274281K [0x00000000e0000000, 0x00000000f9000000, 0x0000000100000000)
  eden space 265216K, 100% used [0x00000000e0000000,0x00000000f0300000,0x00000000f0300000)
  from space 45568K, 19% used [0x00000000f0300000,0x00000000f0bda488,0x00000000f2f80000)
  to   space 44544K, 0% used [0x00000000f6480000,0x00000000f6480000,0x00000000f9000000)
 ParOldGen       total 219648K, used 111013K [0x00000000a0000000, 0x00000000ad680000, 0x00000000e0000000)
  object space 219648K, 50% used [0x00000000a0000000,0x00000000a6c69518,0x00000000ad680000)
 Metaspace       used 64679K, capacity 66918K, committed 67416K, reserved 1107968K
  class space    used 8618K, capacity 9153K, committed 9304K, reserved 1048576K
Event: 31.520 GC heap after
Heap after GC invocations=20 (full 4):
 PSYoungGen      total 357888K, used 44504K [0x00000000e0000000, 0x00000000f9d80000, 0x0000000100000000)
  eden space 313344K, 0% used [0x00000000e0000000,0x00000000e0000000,0x00000000f3200000)
  from space 44544K, 99% used [0x00000000f6480000,0x00000000f8ff60d0,0x00000000f9000000)
  to   space 51712K, 0% used [0x00000000f3200000,0x00000000f3200000,0x00000000f6480000)
 ParOldGen       total 219648K, used 136621K [0x00000000a0000000, 0x00000000ad680000, 0x00000000e0000000)
  object space 219648K, 62% used [0x00000000a0000000,0x00000000a856b538,0x00000000ad680000)
 Metaspace       used 64679K, capacity 66918K, committed 67416K, reserved 1107968K
  class space    used 8618K, capacity 9153K, committed 9304K, reserved 1048576K
}

