# JRE version: OpenJDK Runtime Environment (8.0_212-b04) (build 1.8.0_212-release-1586-b04)
# Java VM: OpenJDK 64-Bit Server VM (25.212-b04 mixed mode windows-amd64 compressed oops)
Heap:
 PSYoungGen      total 401408K, used 335281K [0x00000000e0000000, 0x00000000fc200000, 0x0000000100000000)
  eden space 377344K, 82% used [0x00000000e0000000,0x00000000f3061e28,0x00000000f7080000)
  from space 24064K, 98% used [0x00000000faa80000,0x00000000fc18a880,0x00000000fc200000)
  to   space 34304K, 0% used [0x00000000f7f00000,0x00000000f7f00000,0x00000000fa080000)
 ParOldGen       total 223232K, used 135486K [0x00000000a0000000, 0x00000000ada00000, 0x00000000e0000000)
  object space 223232K, 60% used [0x00000000a0000000,0x00000000a844fa68,0x00000000ada00000)
 Metaspace       used 65125K, capacity 67396K, committed 67672K, reserved 1107968K
  class space    used 8662K, capacity 9200K, committed 9304K, reserved 1048576K
GC Heap History (10 events):
Event: 29.001 GC heap before
{Heap before GC invocations=17 (full 3):
 PSYoungGen      total 281600K, used 276304K [0x00000000e0000000, 0x00000000f7800000, 0x0000000100000000)
  eden space 252416K, 100% used [0x00000000e0000000,0x00000000ef680000,0x00000000ef680000)
  from space 29184K, 81% used [0x00000000ef680000,0x00000000f0dd4060,0x00000000f1300000)
  to   space 31232K, 0% used [0x00000000f5980000,0x00000000f5980000,0x00000000f7800000)
 ParOldGen       total 206336K, used 147162K [0x00000000a0000000, 0x00000000ac980000, 0x00000000e0000000)
  object space 206336K, 71% used [0x00000000a0000000,0x00000000a8fb6b38,0x00000000ac980000)
 Metaspace       used 64630K, capacity 67064K, committed 67416K, reserved 1107968K
  class space    used 8650K, capacity 9180K, committed 9304K, reserved 1048576K
Event: 29.043 GC heap after
Heap after GC invocations=17 (full 3):
 PSYoungGen      total 351744K, used 23272K [0x00000000e0000000, 0x00000000f7900000, 0x0000000100000000)
  eden space 320512K, 0% used [0x00000000e0000000,0x00000000e0000000,0x00000000f3900000)
  from space 31232K, 74% used [0x00000000f5980000,0x00000000f703a118,0x00000000f7800000)
  to   space 32768K, 0% used [0x00000000f3900000,0x00000000f3900000,0x00000000f5900000)
 ParOldGen       total 223232K, used 212706K [0x00000000a0000000, 0x00000000ada00000, 0x00000000e0000000)
  object space 223232K, 95% used [0x00000000a0000000,0x00000000acfb8b78,0x00000000ada00000)
 Metaspace       used 64630K, capacity 67064K, committed 67416K, reserved 1107968K
  class space    used 8650K, capacity 9180K, committed 9304K, reserved 1048576K
}
Event: 29.043 GC heap before
{Heap before GC invocations=18 (full 4):
 PSYoungGen      total 351744K, used 23272K [0x00000000e0000000, 0x00000000f7900000, 0x0000000100000000)
  eden space 320512K, 0% used [0x00000000e0000000,0x00000000e0000000,0x00000000f3900000)
  from space 31232K, 74% used [0x00000000f5980000,0x00000000f703a118,0x00000000f7800000)
  to   space 32768K, 0% used [0x00000000f3900000,0x00000000f3900000,0x00000000f5900000)
 ParOldGen       total 223232K, used 212706K [0x00000000a0000000, 0x00000000ada00000, 0x00000000e0000000)
  object space 223232K, 95% used [0x00000000a0000000,0x00000000acfb8b78,0x00000000ada00000)
 Metaspace       used 64630K, capacity 67064K, committed 67416K, reserved 1107968K
  class space    used 8650K, capacity 9180K, committed 9304K, reserved 1048576K
Event: 29.323 GC heap after
Heap after GC invocations=18 (full 4):
 PSYoungGen      total 351744K, used 0K [0x00000000e0000000, 0x00000000f7900000, 0x0000000100000000)
  eden space 320512K, 0% used [0x00000000e0000000,0x00000000e0000000,0x00000000f3900000)
  from space 31232K, 0% used [0x00000000f5980000,0x00000000f5980000,0x00000000f7800000)
  to   space 32768K, 0% used [0x00000000f3900000,0x00000000f3900000,0x00000000f5900000)
 ParOldGen       total 223232K, used 107362K [0x00000000a0000000, 0x00000000ada00000, 0x00000000e0000000)
  object space 223232K, 48% used [0x00000000a0000000,0x00000000a68d88e0,0x00000000ada00000)
 Metaspace       used 64530K, capacity 66794K, committed 67416K, reserved 1107968K
  class space    used 8617K, capacity 9121K, committed 9304K, reserved 1048576K
}
Event: 31.021 GC heap before
{Heap before GC invocations=19 (full 4):
 PSYoungGen      total 351744K, used 320512K [0x00000000e0000000, 0x00000000f7900000, 0x0000000100000000)
  eden space 320512K, 100% used [0x00000000e0000000,0x00000000f3900000,0x00000000f3900000)
  from space 31232K, 0% used [0x00000000f5980000,0x00000000f5980000,0x00000000f7800000)
  to   space 32768K, 0% used [0x00000000f3900000,0x00000000f3900000,0x00000000f5900000)
 ParOldGen       total 223232K, used 107445K [0x00000000a0000000, 0x00000000ada00000, 0x00000000e0000000)
  object space 223232K, 48% used [0x00000000a0000000,0x00000000a68ed750,0x00000000ada00000)
 Metaspace       used 64605K, capacity 66858K, committed 67416K, reserved 1107968K
  class space    used 8619K, capacity 9121K, committed 9304K, reserved 1048576K
Event: 31.045 GC heap after
Heap after GC invocations=19 (full 4):
 PSYoungGen      total 353280K, used 23106K [0x00000000e0000000, 0x00000000fcb80000, 0x0000000100000000)
  eden space 320512K, 0% used [0x00000000e0000000,0x00000000e0000000,0x00000000f3900000)
  from space 32768K, 70% used [0x00000000f3900000,0x00000000f4f90af0,0x00000000f5900000)
  to   space 33792K, 0% used [0x00000000faa80000,0x00000000faa80000,0x00000000fcb80000)
 ParOldGen       total 223232K, used 159386K [0x00000000a0000000, 0x00000000ada00000, 0x00000000e0000000)
  object space 223232K, 71% used [0x00000000a0000000,0x00000000a9ba6b48,0x00000000ada00000)
 Metaspace       used 64605K, capacity 66858K, committed 67416K, reserved 1107968K
  class space    used 8619K, capacity 9121K, committed 9304K, reserved 1048576K
}
Event: 31.045 GC heap before
{Heap before GC invocations=20 (full 5):
 PSYoungGen      total 353280K, used 23106K [0x00000000e0000000, 0x00000000fcb80000, 0x0000000100000000)
  eden space 320512K, 0% used [0x00000000e0000000,0x00000000e0000000,0x00000000f3900000)
  from space 32768K, 70% used [0x00000000f3900000,0x00000000f4f90af0,0x00000000f5900000)
  to   space 33792K, 0% used [0x00000000faa80000,0x00000000faa80000,0x00000000fcb80000)
 ParOldGen       total 223232K, used 159386K [0x00000000a0000000, 0x00000000ada00000, 0x00000000e0000000)
  object space 223232K, 71% used [0x00000000a0000000,0x00000000a9ba6b48,0x00000000ada00000)
 Metaspace       used 64605K, capacity 66858K, committed 67416K, reserved 1107968K
  class space    used 8619K, capacity 9121K, committed 9304K, reserved 1048576K
Event: 31.205 GC heap after
Heap after GC invocations=20 (full 5):
 PSYoungGen      total 353280K, used 0K [0x00000000e0000000, 0x00000000fcb80000, 0x0000000100000000)
  eden space 320512K, 0% used [0x00000000e0000000,0x00000000e0000000,0x00000000f3900000)
  from space 32768K, 0% used [0x00000000f3900000,0x00000000f3900000,0x00000000f5900000)
  to   space 33792K, 0% used [0x00000000faa80000,0x00000000faa80000,0x00000000fcb80000)
 ParOldGen       total 223232K, used 114859K [0x00000000a0000000, 0x00000000ada00000, 0x00000000e0000000)
  object space 223232K, 51% used [0x00000000a0000000,0x00000000a702ae20,0x00000000ada00000)
 Metaspace       used 64605K, capacity 66858K, committed 67416K, reserved 1107968K
  class space    used 8619K, capacity 9121K, committed 9304K, reserved 1048576K
}
Event: 33.718 GC heap before
{Heap before GC invocations=21 (full 5):
 PSYoungGen      total 353280K, used 320512K [0x00000000e0000000, 0x00000000fcb80000, 0x0000000100000000)
  eden space 320512K, 100% used [0x00000000e0000000,0x00000000f3900000,0x00000000f3900000)
  from space 32768K, 0% used [0x00000000f3900000,0x00000000f3900000,0x00000000f5900000)
  to   space 33792K, 0% used [0x00000000faa80000,0x00000000faa80000,0x00000000fcb80000)
 ParOldGen       total 223232K, used 124701K [0x00000000a0000000, 0x00000000ada00000, 0x00000000e0000000)
  object space 223232K, 55% used [0x00000000a0000000,0x00000000a79c7630,0x00000000ada00000)
 Metaspace       used 64734K, capacity 66954K, committed 67416K, reserved 1107968K
  class space    used 8619K, capacity 9153K, committed 9304K, reserved 1048576K
Event: 33.737 GC heap after
Heap after GC invocations=21 (full 5):
 PSYoungGen      total 401408K, used 23594K [0x00000000e0000000, 0x00000000fc200000, 0x0000000100000000)
  eden space 377344K, 0% used [0x00000000e0000000,0x00000000e0000000,0x00000000f7080000)
  from space 24064K, 98% used [0x00000000faa80000,0x00000000fc18a880,0x00000000fc200000)
  to   space 34304K, 0% used [0x00000000f7f00000,0x00000000f7f00000,0x00000000fa080000)
 ParOldGen       total 223232K, used 135486K [0x00000000a0000000, 0x00000000ada00000, 0x00000000e0000000)
  object space 223232K, 60% used [0x00000000a0000000,0x00000000a844fa68,0x00000000ada00000)
 Metaspace       used 64734K, capacity 66954K, committed 67416K, reserved 1107968K
  class space    used 8619K, capacity 9153K, committed 9304K, reserved 1048576K
}

